This is pdfTeX, Version 3.14159265-2.6-1.40.15 (TeX Live 2014) (preloaded format=pdflatex 2015.1.16)  23 JAN 2015 15:54
entering extended mode
 \write18 enabled.
 %&-line parsing enabled.
**blockdiagramexample1simp1.tex
(./blockdiagramexample1simp1.tex
LaTeX2e <2014/05/01>
Babel <3.9l> and hyphenation patterns for 79 languages loaded.

! LaTeX Error: Environment tikzpicture undefined.

See the LaTeX manual or LaTeX Companion for explanation.
Type  H <return>  for immediate help.
 ...                                              
                                                  
l.1 \begin{tikzpicture}
                       [inner sep=0pt,outer sep=0pt,very thick,
? 
! Emergency stop.
 ...                                              
                                                  
l.1 \begin{tikzpicture}
                       [inner sep=0pt,outer sep=0pt,very thick,
Your command was ignored.
Type  I <command> <return>  to replace it with another command,
or  <return>  to continue without it.

 
Here is how much of TeX's memory you used:
 7 strings out of 493109
 352 string characters out of 6135004
 52967 words of memory out of 5000000
 3571 multiletter control sequences out of 15000+600000
 3640 words of font info for 14 fonts, out of 8000000 for 9000
 1141 hyphenation exceptions out of 8191
 5i,0n,4p,103b,16s stack positions out of 5000i,500n,10000p,200000b,80000s
!  ==> Fatal error occurred, no output PDF file produced!
